<?xml version="1.0" encoding="UTF-8"?>
<testsuite xmlns:xsi="http://www.w3.org/2001/XMLSchema-instance" xsi:noNamespaceSchemaLocation="https://maven.apache.org/surefire/maven-surefire-plugin/xsd/surefire-test-report-3.0.xsd" version="3.0" name="org.autotest.TestStackAr" time="0.063" tests="25" errors="0" skipped="0" failures="0">
  <properties>
[...]
</properties>
  <testcase name="testStackEqualNull" classname="org.autotest.TestStackAr" time="0"/>
  <testcase name="testStackDiferentReadIndex" classname="org.autotest.TestStackAr" time="0"/>
  <testcase name="testStackSameCapacityReadIndex" classname="org.autotest.TestStackAr" time="0"/>
  <testcase name="testStackEqual_HashCode" classname="org.autotest.TestStackAr" time="0"/>
  <testcase name="testFullAndEmpryStack" classname="org.autotest.TestStackAr" time="0"/>
  <testcase name="testFullStack" classname="org.autotest.TestStackAr" time="0"/>
  <testcase name="testConstructorWithCapacity" classname="org.autotest.TestStackAr" time="0"/>
  <testcase name="testStackDiferentClass" classname="org.autotest.TestStackAr" time="0"/>
  <testcase name="testStackEqualsWithSamePush" classname="org.autotest.TestStackAr" time="0"/>
  <testcase name="testStackSameCapacityDiferentContent" classname="org.autotest.TestStackAr" time="0"/>
  <testcase name="testPushTwoElemStack" classname="org.autotest.TestStackAr" time="0"/>
  <testcase name="testStackOneElem_HashCode" classname="org.autotest.TestStackAr" time="0"/>
  <testcase name="testPushOneElemStack" classname="org.autotest.TestStackAr" time="0"/>
  <testcase name="testDefaultStack" classname="org.autotest.TestStackAr" time="0"/>
  <testcase name="testTopInEmpry" classname="org.autotest.TestStackAr" time="0"/>
  <testcase name="testPushInFull" classname="org.autotest.TestStackAr" time="0"/>
  <testcase name="testStacktoStringEquals" classname="org.autotest.TestStackAr" time="0"/>
  <testcase name="testStackEmpty_HashCode" classname="org.autotest.TestStackAr" time="0"/>
  <testcase name="testStacktoStringSimple" classname="org.autotest.TestStackAr" time="0"/>
  <testcase name="testPopInEmpry" classname="org.autotest.TestStackAr" time="0"/>
  <testcase name="testPopAndTopResultAreTheSame" classname="org.autotest.TestStackAr" time="0"/>
  <testcase name="testNegativeCapacityStack" classname="org.autotest.TestStackAr" time="0"/>
  <testcase name="testStackEqualToItself" classname="org.autotest.TestStackAr" time="0"/>
  <testcase name="testPushAndPullOneElemStack" classname="org.autotest.TestStackAr" time="0"/>
  <testcase name="testStackDiferentCapacity" classname="org.autotest.TestStackAr" time="0"/>
</testsuite>